<?xml version="1.0" encoding="UTF-8"?>
<!-- Generated by org.testng.reporters.JUnitXMLReporter -->
<testsuite ignored="0" hostname="User-PC" failures="0" tests="5" name="Test" time="1.251" errors="0" timestamp="2020-10-30T10:24:12 GMT">
  <testcase classname="APITest.JUnit_List_CityBike_Locations_USA_With_WebLink" name="test" time="0.423"/>
  <testcase classname="APITest.JUnit_List_CityBike_Locations_In_UK_With_Coordinates" name="test" time="0.205"/>
  <testcase classname="APITest.JUnit_Verify_Frankfurt_in_Germany" name="test" time="0.197"/>
  <testcase classname="APITest.JUnit_List_CityBike_In_Russia" name="test" time="0.175"/>
  <testcase classname="APITest.JUnit_List_CityBike_Locations_In_China_With_WebLink" name="test" time="0.183"/>
</testsuite> <!-- Test -->
