<?xml version="1.0" encoding="UTF-8"?>
<!-- Generated by org.testng.reporters.JUnitXMLReporter -->
<testsuite ignored="0" hostname="User-PC" failures="0" tests="5" name="Test" time="1.4" errors="0" timestamp="2020-10-28T12:07:56 GMT">
  <testcase classname="APITest.JUnit_List_CityBike_Locations_USA_With_WebLink" name="test" time="0.396"/>
  <testcase classname="APITest.JUnit_List_CityBike_Locations_In_UK_With_Coordinates" name="test" time="0.185"/>
  <testcase classname="APITest.JUnit_Verify_Frankfurt_in_Germany" name="test" time="0.203"/>
  <testcase classname="APITest.JUnit_List_CityBike_Companies_In_Russia" name="test" time="0.322"/>
  <testcase classname="APITest.JUnit_List_CityBike_Locations_In_China_With_WebLink" name="test" time="0.212"/>
</testsuite> <!-- Test -->
