<?xml version="1.0" encoding="UTF-8"?>
<testng-results ignored="0" total="5" passed="5" failed="0" skipped="0">
  <reporter-output>
  </reporter-output>
  <suite started-at="2020-10-30T10:24:10 GMT" name="Suite" finished-at="2020-10-30T10:24:12 GMT" duration-ms="1251">
    <groups>
    </groups>
    <test started-at="2020-10-30T10:24:10 GMT" name="Test" finished-at="2020-10-30T10:24:12 GMT" duration-ms="1251">
      <class name="APITest.JUnit_Verify_Frankfurt_in_Germany">
        <test-method signature="test()[pri:0, instance:APITest.JUnit_Verify_Frankfurt_in_Germany@147ed70f]" started-at="2020-10-30T10:24:11 GMT" name="test" finished-at="2020-10-30T10:24:11 GMT" duration-ms="197" status="PASS">
          <reporter-output>
          </reporter-output>
        </test-method> <!-- test -->
      </class> <!-- APITest.JUnit_Verify_Frankfurt_in_Germany -->
      <class name="APITest.JUnit_List_CityBike_In_Russia">
        <test-method signature="test()[pri:0, instance:APITest.JUnit_List_CityBike_In_Russia@61dd025]" started-at="2020-10-30T10:24:11 GMT" name="test" finished-at="2020-10-30T10:24:12 GMT" duration-ms="175" status="PASS">
          <reporter-output>
          </reporter-output>
        </test-method> <!-- test -->
      </class> <!-- APITest.JUnit_List_CityBike_In_Russia -->
      <class name="APITest.JUnit_List_CityBike_Locations_In_China_With_WebLink">
        <test-method signature="test()[pri:0, instance:APITest.JUnit_List_CityBike_Locations_In_China_With_WebLink@124c278f]" started-at="2020-10-30T10:24:12 GMT" name="test" finished-at="2020-10-30T10:24:12 GMT" duration-ms="183" status="PASS">
          <reporter-output>
          </reporter-output>
        </test-method> <!-- test -->
      </class> <!-- APITest.JUnit_List_CityBike_Locations_In_China_With_WebLink -->
      <class name="APITest.JUnit_List_CityBike_Locations_USA_With_WebLink">
        <test-method signature="test()[pri:0, instance:APITest.JUnit_List_CityBike_Locations_USA_With_WebLink@2f177a4b]" started-at="2020-10-30T10:24:10 GMT" name="test" finished-at="2020-10-30T10:24:11 GMT" duration-ms="423" status="PASS">
          <reporter-output>
          </reporter-output>
        </test-method> <!-- test -->
      </class> <!-- APITest.JUnit_List_CityBike_Locations_USA_With_WebLink -->
      <class name="APITest.JUnit_List_CityBike_Locations_In_UK_With_Coordinates">
        <test-method signature="test()[pri:0, instance:APITest.JUnit_List_CityBike_Locations_In_UK_With_Coordinates@4278a03f]" started-at="2020-10-30T10:24:11 GMT" name="test" finished-at="2020-10-30T10:24:11 GMT" duration-ms="205" status="PASS">
          <reporter-output>
          </reporter-output>
        </test-method> <!-- test -->
      </class> <!-- APITest.JUnit_List_CityBike_Locations_In_UK_With_Coordinates -->
    </test> <!-- Test -->
  </suite> <!-- Suite -->
</testng-results>
